Fri, 29 Sep 2023 19:55:27 GMT - ✅ All project keys have been found and CSPV3X was taken out of the list

Fri, 29 Sep 2023 19:55:30 GMT - Issue TEST-450 has been deleted.
Fri, 29 Sep 2023 19:55:30 GMT - Issue TEST-449 has been deleted.
Fri, 29 Sep 2023 19:55:30 GMT - Issue TEST-448 has been deleted.
Fri, 29 Sep 2023 19:55:31 GMT - Issue TEST-447 has been deleted.
Fri, 29 Sep 2023 19:55:31 GMT - Issue TEST-439 has been deleted.
Fri, 29 Sep 2023 19:55:31 GMT - Issue TEST-446 has been deleted.
Fri, 29 Sep 2023 19:55:31 GMT - Issue TEST-437 has been deleted.
Fri, 29 Sep 2023 19:55:31 GMT - Issue TEST-430 has been deleted.
Fri, 29 Sep 2023 19:55:31 GMT - Issue TEST-431 has been deleted.
Fri, 29 Sep 2023 19:55:31 GMT - Issue TEST-434 has been deleted.
Fri, 29 Sep 2023 19:55:31 GMT - Issue TEST-441 has been deleted.
Fri, 29 Sep 2023 19:55:31 GMT - Issue TEST-432 has been deleted.
Fri, 29 Sep 2023 19:55:31 GMT - Issue TEST-443 has been deleted.
Fri, 29 Sep 2023 19:55:31 GMT - Issue TEST-426 has been deleted.
Fri, 29 Sep 2023 19:55:31 GMT - Issue TEST-428 has been deleted.
Fri, 29 Sep 2023 19:55:31 GMT - Issue TEST-445 has been deleted.
Fri, 29 Sep 2023 19:55:31 GMT - Issue TEST-425 has been deleted.
Fri, 29 Sep 2023 19:55:31 GMT - Issue TEST-423 has been deleted.
Fri, 29 Sep 2023 19:55:31 GMT - Issue TEST-440 has been deleted.
Fri, 29 Sep 2023 19:55:31 GMT - Issue TEST-436 has been deleted.
Fri, 29 Sep 2023 19:55:31 GMT - Issue TEST-438 has been deleted.
Fri, 29 Sep 2023 19:55:31 GMT - Issue TEST-435 has been deleted.
Fri, 29 Sep 2023 19:55:31 GMT - Issue TEST-444 has been deleted.
Fri, 29 Sep 2023 19:55:31 GMT - Issue TEST-433 has been deleted.
Fri, 29 Sep 2023 19:55:31 GMT - Issue TEST-416 has been deleted.
Fri, 29 Sep 2023 19:55:31 GMT - Issue TEST-442 has been deleted.
Fri, 29 Sep 2023 19:55:31 GMT - Issue TEST-418 has been deleted.
Fri, 29 Sep 2023 19:55:31 GMT - Issue TEST-412 has been deleted.
Fri, 29 Sep 2023 19:55:31 GMT - Issue TEST-420 has been deleted.
Fri, 29 Sep 2023 19:55:31 GMT - Issue TEST-424 has been deleted.
Fri, 29 Sep 2023 19:55:31 GMT - Issue TEST-415 has been deleted.
Fri, 29 Sep 2023 19:55:31 GMT - Issue TEST-413 has been deleted.
Fri, 29 Sep 2023 19:55:31 GMT - Issue TEST-410 has been deleted.
Fri, 29 Sep 2023 19:55:31 GMT - Issue TEST-414 has been deleted.
Fri, 29 Sep 2023 19:55:31 GMT - Issue TEST-421 has been deleted.
Fri, 29 Sep 2023 19:55:31 GMT - Issue TEST-417 has been deleted.
Fri, 29 Sep 2023 19:55:31 GMT - Issue TEST-405 has been deleted.
Fri, 29 Sep 2023 19:55:31 GMT - Issue TEST-404 has been deleted.
Fri, 29 Sep 2023 19:55:31 GMT - Issue TEST-409 has been deleted.
Fri, 29 Sep 2023 19:55:31 GMT - Issue TWM-475 has been deleted.
Fri, 29 Sep 2023 19:55:31 GMT - Issue TEST-402 has been deleted.
Fri, 29 Sep 2023 19:55:31 GMT - Issue TEST-422 has been deleted.
Fri, 29 Sep 2023 19:55:31 GMT - Issue TEST-406 has been deleted.
Fri, 29 Sep 2023 19:55:31 GMT - Issue TEST-408 has been deleted.
Fri, 29 Sep 2023 19:55:31 GMT - Issue TEST-419 has been deleted.
Fri, 29 Sep 2023 19:55:31 GMT - Issue TWM-467 has been deleted.
Fri, 29 Sep 2023 19:55:31 GMT - Issue TWM-466 has been deleted.
Fri, 29 Sep 2023 19:55:31 GMT - Issue TEST-407 has been deleted.
Fri, 29 Sep 2023 19:55:31 GMT - Issue TEST-401 has been deleted.
Fri, 29 Sep 2023 19:55:31 GMT - Issue TEST-403 has been deleted.
Fri, 29 Sep 2023 19:55:31 GMT - Issue TWM-460 has been deleted.
Fri, 29 Sep 2023 19:55:31 GMT - Issue TWM-472 has been deleted.
Fri, 29 Sep 2023 19:55:31 GMT - Issue TWM-461 has been deleted.
Fri, 29 Sep 2023 19:55:31 GMT - Issue TWM-465 has been deleted.
Fri, 29 Sep 2023 19:55:31 GMT - Issue TWM-455 has been deleted.
Fri, 29 Sep 2023 19:55:31 GMT - Issue TWM-468 has been deleted.
Fri, 29 Sep 2023 19:55:31 GMT - Issue TWM-453 has been deleted.
Fri, 29 Sep 2023 19:55:31 GMT - Issue TWM-458 has been deleted.
Fri, 29 Sep 2023 19:55:31 GMT - Issue TWM-473 has been deleted.
Fri, 29 Sep 2023 19:55:31 GMT - Issue TWM-463 has been deleted.
Fri, 29 Sep 2023 19:55:31 GMT - Issue TWM-462 has been deleted.
Fri, 29 Sep 2023 19:55:31 GMT - Issue TWM-448 has been deleted.
Fri, 29 Sep 2023 19:55:31 GMT - Issue TWM-457 has been deleted.
Fri, 29 Sep 2023 19:55:31 GMT - Issue TWM-444 has been deleted.
Fri, 29 Sep 2023 19:55:31 GMT - Issue TWM-450 has been deleted.
Fri, 29 Sep 2023 19:55:31 GMT - Issue TWM-459 has been deleted.
Fri, 29 Sep 2023 19:55:31 GMT - Issue TWM-446 has been deleted.
Fri, 29 Sep 2023 19:55:31 GMT - Issue TWM-464 has been deleted.
Fri, 29 Sep 2023 19:55:31 GMT - Issue TWM-456 has been deleted.
Fri, 29 Sep 2023 19:55:31 GMT - Issue TWM-452 has been deleted.
Fri, 29 Sep 2023 19:55:31 GMT - Issue TWM-449 has been deleted.
Fri, 29 Sep 2023 19:55:31 GMT - Issue TWM-451 has been deleted.
Fri, 29 Sep 2023 19:55:31 GMT - Issue TWM-440 has been deleted.
Fri, 29 Sep 2023 19:55:31 GMT - Issue TWM-447 has been deleted.
Fri, 29 Sep 2023 19:55:31 GMT - Issue TWM-442 has been deleted.
Fri, 29 Sep 2023 19:55:31 GMT - Issue PT-464 has been deleted.
Fri, 29 Sep 2023 19:55:31 GMT - Issue TWM-436 has been deleted.
Fri, 29 Sep 2023 19:55:31 GMT - Issue TWM-470 has been deleted.
Fri, 29 Sep 2023 19:55:31 GMT - Issue PT-467 has been deleted.
Fri, 29 Sep 2023 19:55:31 GMT - Issue TWM-454 has been deleted.
Fri, 29 Sep 2023 19:55:31 GMT - Issue TWM-435 has been deleted.
Fri, 29 Sep 2023 19:55:31 GMT - Issue TWM-433 has been deleted.
Fri, 29 Sep 2023 19:55:31 GMT - Issue TWM-481 has been deleted.
Fri, 29 Sep 2023 19:55:31 GMT - Issue TWM-443 has been deleted.
Fri, 29 Sep 2023 19:55:31 GMT - Issue TWM-480 has been deleted.
Fri, 29 Sep 2023 19:55:31 GMT - Issue TWM-434 has been deleted.
Fri, 29 Sep 2023 19:55:31 GMT - Issue TWM-479 has been deleted.
Fri, 29 Sep 2023 19:55:31 GMT - Issue TWM-441 has been deleted.
Fri, 29 Sep 2023 19:55:31 GMT - Issue TWM-478 has been deleted.
Fri, 29 Sep 2023 19:55:31 GMT - Issue TWM-445 has been deleted.
Fri, 29 Sep 2023 19:55:31 GMT - Issue PT-466 has been deleted.
Fri, 29 Sep 2023 19:55:31 GMT - Issue PT-465 has been deleted.
Fri, 29 Sep 2023 19:55:31 GMT - Issue PT-451 has been deleted.
Fri, 29 Sep 2023 19:55:31 GMT - Issue PT-450 has been deleted.
Fri, 29 Sep 2023 19:55:31 GMT - Issue TWM-437 has been deleted.
Fri, 29 Sep 2023 19:55:31 GMT - Issue TWM-432 has been deleted.
Fri, 29 Sep 2023 19:55:31 GMT - Issue PT-437 has been deleted.
Fri, 29 Sep 2023 19:55:31 GMT - Issue TWM-476 has been deleted.
Fri, 29 Sep 2023 19:55:31 GMT - Issue TWM-438 has been deleted.
Fri, 29 Sep 2023 19:55:31 GMT - Issue PT-463 has been deleted.
Fri, 29 Sep 2023 19:55:31 GMT - Issue PT-425 has been deleted.
Fri, 29 Sep 2023 19:55:31 GMT - Issue TWM-439 has been deleted.
Fri, 29 Sep 2023 19:55:31 GMT - Issue PT-436 has been deleted.
Fri, 29 Sep 2023 19:55:31 GMT - Issue PT-460 has been deleted.
Fri, 29 Sep 2023 19:55:31 GMT - Issue PT-449 has been deleted.
Fri, 29 Sep 2023 19:55:31 GMT - Issue PT-440 has been deleted.
Fri, 29 Sep 2023 19:55:31 GMT - Issue PT-459 has been deleted.
Fri, 29 Sep 2023 19:55:31 GMT - Issue PT-432 has been deleted.
Fri, 29 Sep 2023 19:55:31 GMT - Issue PT-431 has been deleted.
Fri, 29 Sep 2023 19:55:31 GMT - Issue PT-438 has been deleted.
Fri, 29 Sep 2023 19:55:31 GMT - Issue PT-462 has been deleted.
Fri, 29 Sep 2023 19:55:31 GMT - Issue SKP-401 has been deleted.
Fri, 29 Sep 2023 19:55:31 GMT - Issue PT-434 has been deleted.
Fri, 29 Sep 2023 19:55:31 GMT - Issue PT-455 has been deleted.
Fri, 29 Sep 2023 19:55:31 GMT - Issue PT-447 has been deleted.
Fri, 29 Sep 2023 19:55:31 GMT - Issue PT-454 has been deleted.
Fri, 29 Sep 2023 19:55:31 GMT - Issue PT-453 has been deleted.
Fri, 29 Sep 2023 19:55:31 GMT - Issue PT-428 has been deleted.
Fri, 29 Sep 2023 19:55:31 GMT - Issue SKP-383 has been deleted.
Fri, 29 Sep 2023 19:55:31 GMT - Issue SKP-386 has been deleted.
Fri, 29 Sep 2023 19:55:31 GMT - Issue PT-443 has been deleted.
Fri, 29 Sep 2023 19:55:31 GMT - Issue PT-426 has been deleted.
Fri, 29 Sep 2023 19:55:32 GMT - Issue PT-461 has been deleted.
Fri, 29 Sep 2023 19:55:32 GMT - Issue SKP-397 has been deleted.
Fri, 29 Sep 2023 19:55:32 GMT - Issue PT-445 has been deleted.
Fri, 29 Sep 2023 19:55:32 GMT - Issue SKP-393 has been deleted.
Fri, 29 Sep 2023 19:55:32 GMT - Issue PT-424 has been deleted.
Fri, 29 Sep 2023 19:55:32 GMT - Issue SKP-392 has been deleted.
Fri, 29 Sep 2023 19:55:32 GMT - Issue SKP-388 has been deleted.
Fri, 29 Sep 2023 19:55:32 GMT - Issue SKP-377 has been deleted.
Fri, 29 Sep 2023 19:55:32 GMT - Issue SKP-385 has been deleted.
Fri, 29 Sep 2023 19:55:32 GMT - Issue PT-419 has been deleted.
Fri, 29 Sep 2023 19:55:32 GMT - Issue SKP-384 has been deleted.
Fri, 29 Sep 2023 19:55:32 GMT - Issue PT-427 has been deleted.
Fri, 29 Sep 2023 19:55:32 GMT - Issue SKP-380 has been deleted.
Fri, 29 Sep 2023 19:55:32 GMT - Issue PT-442 has been deleted.
Fri, 29 Sep 2023 19:55:32 GMT - Issue PT-422 has been deleted.
Fri, 29 Sep 2023 19:55:32 GMT - Issue PT-456 has been deleted.
Fri, 29 Sep 2023 19:55:32 GMT - Issue PT-439 has been deleted.
Fri, 29 Sep 2023 19:55:32 GMT - Issue SKP-371 has been deleted.
Fri, 29 Sep 2023 19:55:32 GMT - Issue SKP-362 has been deleted.
Fri, 29 Sep 2023 19:55:32 GMT - Issue SKP-359 has been deleted.
Fri, 29 Sep 2023 19:55:32 GMT - Issue SKP-400 has been deleted.
Fri, 29 Sep 2023 19:55:32 GMT - Issue SKP-391 has been deleted.
Fri, 29 Sep 2023 19:55:32 GMT - Issue SKP-395 has been deleted.
Fri, 29 Sep 2023 19:55:32 GMT - Issue SKP-390 has been deleted.
Fri, 29 Sep 2023 19:55:32 GMT - Issue PT-458 has been deleted.
Fri, 29 Sep 2023 19:55:32 GMT - Issue PT-435 has been deleted.
Fri, 29 Sep 2023 19:55:32 GMT - Issue PT-444 has been deleted.
Fri, 29 Sep 2023 19:55:32 GMT - Issue PT-433 has been deleted.
Fri, 29 Sep 2023 19:55:32 GMT - Issue TEST-427 has been deleted.
Fri, 29 Sep 2023 19:55:32 GMT - Issue PT-446 has been deleted.
Fri, 29 Sep 2023 19:55:32 GMT - Issue SKP-387 has been deleted.
Fri, 29 Sep 2023 19:55:32 GMT - Issue SKP-389 has been deleted.
Fri, 29 Sep 2023 19:55:32 GMT - Issue SKP-378 has been deleted.
Fri, 29 Sep 2023 19:55:32 GMT - Issue PT-448 has been deleted.
Fri, 29 Sep 2023 19:55:32 GMT - Issue TEST-429 has been deleted.
Fri, 29 Sep 2023 19:55:32 GMT - Issue SKP-355 has been deleted.
Fri, 29 Sep 2023 19:55:32 GMT - Issue SKP-381 has been deleted.
Fri, 29 Sep 2023 19:55:32 GMT - Issue PT-429 has been deleted.
Fri, 29 Sep 2023 19:55:32 GMT - Issue SKP-366 has been deleted.
Fri, 29 Sep 2023 19:55:32 GMT - Issue SKP-367 has been deleted.
Fri, 29 Sep 2023 19:55:32 GMT - Issue PT-441 has been deleted.
Fri, 29 Sep 2023 19:55:32 GMT - Issue TWM-469 has been deleted.
Fri, 29 Sep 2023 19:55:32 GMT - Issue SKP-368 has been deleted.
Fri, 29 Sep 2023 19:55:32 GMT - Issue PT-457 has been deleted.
Fri, 29 Sep 2023 19:55:32 GMT - Issue SKP-396 has been deleted.
Fri, 29 Sep 2023 19:55:32 GMT - Issue SKP-398 has been deleted.
Fri, 29 Sep 2023 19:55:32 GMT - Issue PT-420 has been deleted.
Fri, 29 Sep 2023 19:55:32 GMT - Issue SKP-379 has been deleted.
Fri, 29 Sep 2023 19:55:32 GMT - Issue SKP-369 has been deleted.
Fri, 29 Sep 2023 19:55:32 GMT - Issue SKP-382 has been deleted.
Fri, 29 Sep 2023 19:55:32 GMT - Issue SKP-372 has been deleted.
Fri, 29 Sep 2023 19:55:32 GMT - Issue SKP-394 has been deleted.
Fri, 29 Sep 2023 19:55:32 GMT - Issue SKP-376 has been deleted.
Fri, 29 Sep 2023 19:55:32 GMT - Issue PT-452 has been deleted.
Fri, 29 Sep 2023 19:55:32 GMT - Issue SKP-374 has been deleted.
Fri, 29 Sep 2023 19:55:32 GMT - Issue SKP-402 has been deleted.
Fri, 29 Sep 2023 19:55:32 GMT - Issue SKP-375 has been deleted.
Fri, 29 Sep 2023 19:55:32 GMT - Issue SKP-373 has been deleted.
Fri, 29 Sep 2023 19:55:32 GMT - Issue SKP-370 has been deleted.
Fri, 29 Sep 2023 19:55:32 GMT - Issue PT-421 has been deleted.
Fri, 29 Sep 2023 19:55:32 GMT - Issue SKP-364 has been deleted.
Fri, 29 Sep 2023 19:55:32 GMT - Issue PT-423 has been deleted.
Fri, 29 Sep 2023 19:55:32 GMT - Issue PT-430 has been deleted.
Fri, 29 Sep 2023 19:55:32 GMT - Issue PT-418 has been deleted.
Fri, 29 Sep 2023 19:55:32 GMT - Issue SKP-360 has been deleted.
Fri, 29 Sep 2023 19:55:32 GMT - Issue SSP-699 has been deleted.
Fri, 29 Sep 2023 19:55:32 GMT - Issue SSP-678 has been deleted.
Fri, 29 Sep 2023 19:55:32 GMT - Issue SSP-700 has been deleted.
Fri, 29 Sep 2023 19:55:32 GMT - Issue TWM-477 has been deleted.
Fri, 29 Sep 2023 19:55:32 GMT - Issue TWM-471 has been deleted.
Fri, 29 Sep 2023 19:55:32 GMT - Issue SSP-692 has been deleted.
Fri, 29 Sep 2023 19:55:32 GMT - Issue TWM-474 has been deleted.
Fri, 29 Sep 2023 19:55:32 GMT - Issue SSP-693 has been deleted.
Fri, 29 Sep 2023 19:55:32 GMT - Issue SKP-399 has been deleted.
Fri, 29 Sep 2023 19:55:32 GMT - Issue SSP-651 has been deleted.
Fri, 29 Sep 2023 19:55:32 GMT - Issue TEST-411 has been deleted.
Fri, 29 Sep 2023 19:55:32 GMT - Issue SSP-655 has been deleted.
Fri, 29 Sep 2023 19:55:32 GMT - Issue SSP-694 has been deleted.
Fri, 29 Sep 2023 19:55:32 GMT - Issue SSP-659 has been deleted.
Fri, 29 Sep 2023 19:55:32 GMT - Issue SSP-658 has been deleted.
Fri, 29 Sep 2023 19:55:32 GMT - Issue SSP-664 has been deleted.
Fri, 29 Sep 2023 19:55:32 GMT - Issue SSP-668 has been deleted.
Fri, 29 Sep 2023 19:55:32 GMT - Issue SSP-669 has been deleted.
Fri, 29 Sep 2023 19:55:32 GMT - Issue SSP-657 has been deleted.
Fri, 29 Sep 2023 19:55:32 GMT - Issue SSP-652 has been deleted.
Fri, 29 Sep 2023 19:55:32 GMT - Issue SSP-683 has been deleted.
Fri, 29 Sep 2023 19:55:32 GMT - Issue SSP-670 has been deleted.
Fri, 29 Sep 2023 19:55:32 GMT - Issue SSP-653 has been deleted.
Fri, 29 Sep 2023 19:55:32 GMT - Issue SSP-689 has been deleted.
Fri, 29 Sep 2023 19:55:32 GMT - Issue SSP-671 has been deleted.
Fri, 29 Sep 2023 19:55:32 GMT - Issue SSP-665 has been deleted.
Fri, 29 Sep 2023 19:55:32 GMT - Issue SSP-667 has been deleted.
Fri, 29 Sep 2023 19:55:32 GMT - Issue SSP-691 has been deleted.
Fri, 29 Sep 2023 19:55:32 GMT - Issue SSP-677 has been deleted.
Fri, 29 Sep 2023 19:55:32 GMT - Issue SSP-676 has been deleted.
Fri, 29 Sep 2023 19:55:32 GMT - Issue SSP-697 has been deleted.
Fri, 29 Sep 2023 19:55:32 GMT - Issue SSP-682 has been deleted.
Fri, 29 Sep 2023 19:55:32 GMT - Issue SSP-672 has been deleted.
Fri, 29 Sep 2023 19:55:32 GMT - Issue SSP-679 has been deleted.
Fri, 29 Sep 2023 19:55:32 GMT - Issue SSP-686 has been deleted.
Fri, 29 Sep 2023 19:55:32 GMT - Issue SSP-660 has been deleted.
Fri, 29 Sep 2023 19:55:32 GMT - Issue SSP-656 has been deleted.
Fri, 29 Sep 2023 19:55:32 GMT - Issue SSP-685 has been deleted.
Fri, 29 Sep 2023 19:55:32 GMT - Issue SSP-663 has been deleted.
Fri, 29 Sep 2023 19:55:32 GMT - Issue SSP-681 has been deleted.
Fri, 29 Sep 2023 19:55:32 GMT - Issue SSP-695 has been deleted.
Fri, 29 Sep 2023 19:55:33 GMT - Issue SSP-662 has been deleted.
Fri, 29 Sep 2023 19:55:33 GMT - Issue SSP-687 has been deleted.
Fri, 29 Sep 2023 19:55:33 GMT - Issue SSP-675 has been deleted.
Fri, 29 Sep 2023 19:55:33 GMT - Issue SSP-674 has been deleted.
Fri, 29 Sep 2023 19:55:33 GMT - Issue SSP-690 has been deleted.
Fri, 29 Sep 2023 19:55:33 GMT - Issue SSP-680 has been deleted.
Fri, 29 Sep 2023 19:55:33 GMT - Issue SSP-654 has been deleted.
Fri, 29 Sep 2023 19:55:33 GMT - Issue SSP-688 has been deleted.
Fri, 29 Sep 2023 19:55:33 GMT - Issue SSP-661 has been deleted.
Fri, 29 Sep 2023 19:55:33 GMT - Issue SSP-684 has been deleted.
Fri, 29 Sep 2023 19:55:33 GMT - Issue SSP-673 has been deleted.
Fri, 29 Sep 2023 19:55:33 GMT - Issue SSP-696 has been deleted.
Fri, 29 Sep 2023 19:55:33 GMT - Issue SSP-666 has been deleted.
Fri, 29 Sep 2023 19:55:33 GMT - Issue SSP-698 has been deleted.
Fri, 29 Sep 2023 19:55:33 GMT - Issue SKP-365 has been deleted.
Fri, 29 Sep 2023 19:55:33 GMT - Issue SKP-357 has been deleted.
Fri, 29 Sep 2023 19:55:33 GMT - Issue SKP-354 has been deleted.
Fri, 29 Sep 2023 19:55:33 GMT - Issue SKP-358 has been deleted.
Fri, 29 Sep 2023 19:55:33 GMT - Issue TEST-395 has been deleted.
Fri, 29 Sep 2023 19:55:33 GMT - Issue TEST-399 has been deleted.
Fri, 29 Sep 2023 19:55:33 GMT - Issue TEST-398 has been deleted.
Fri, 29 Sep 2023 19:55:33 GMT - Issue TEST-397 has been deleted.
Fri, 29 Sep 2023 19:55:33 GMT - Issue TEST-393 has been deleted.
Fri, 29 Sep 2023 19:55:34 GMT - Issue TEST-396 has been deleted.
Fri, 29 Sep 2023 19:55:34 GMT - Issue TEST-400 has been deleted.
Fri, 29 Sep 2023 19:55:34 GMT - Issue TEST-387 has been deleted.
Fri, 29 Sep 2023 19:55:34 GMT - Issue TEST-390 has been deleted.
Fri, 29 Sep 2023 19:55:34 GMT - Issue TEST-384 has been deleted.
Fri, 29 Sep 2023 19:55:34 GMT - Issue TEST-392 has been deleted.
Fri, 29 Sep 2023 19:55:34 GMT - Issue TEST-386 has been deleted.
Fri, 29 Sep 2023 19:55:34 GMT - Issue TEST-389 has been deleted.
Fri, 29 Sep 2023 19:55:34 GMT - Issue TEST-391 has been deleted.
Fri, 29 Sep 2023 19:55:34 GMT - Issue TEST-382 has been deleted.
Fri, 29 Sep 2023 19:55:34 GMT - Issue TEST-381 has been deleted.
Fri, 29 Sep 2023 19:55:34 GMT - Issue TEST-383 has been deleted.
Fri, 29 Sep 2023 19:55:34 GMT - Issue TEST-388 has been deleted.
Fri, 29 Sep 2023 19:55:34 GMT - Issue TEST-385 has been deleted.
Fri, 29 Sep 2023 19:55:34 GMT - Issue TEST-380 has been deleted.
Fri, 29 Sep 2023 19:55:34 GMT - Issue TEST-394 has been deleted.
Fri, 29 Sep 2023 19:55:34 GMT - Issue PT-417 has been deleted.
Fri, 29 Sep 2023 19:55:34 GMT - Issue PT-408 has been deleted.
Fri, 29 Sep 2023 19:55:34 GMT - Issue PT-402 has been deleted.
Fri, 29 Sep 2023 19:55:34 GMT - Issue PT-415 has been deleted.
Fri, 29 Sep 2023 19:55:34 GMT - Issue PT-411 has been deleted.
Fri, 29 Sep 2023 19:55:34 GMT - Issue PT-397 has been deleted.
Fri, 29 Sep 2023 19:55:34 GMT - Issue PT-404 has been deleted.
Fri, 29 Sep 2023 19:55:34 GMT - Issue PT-395 has been deleted.
Fri, 29 Sep 2023 19:55:34 GMT - Issue PT-416 has been deleted.
Fri, 29 Sep 2023 19:55:34 GMT - Issue PT-407 has been deleted.
Fri, 29 Sep 2023 19:55:34 GMT - Issue PT-394 has been deleted.
Fri, 29 Sep 2023 19:55:34 GMT - Issue PT-398 has been deleted.
Fri, 29 Sep 2023 19:55:34 GMT - Issue PT-403 has been deleted.
Fri, 29 Sep 2023 19:55:34 GMT - Issue PT-406 has been deleted.
Fri, 29 Sep 2023 19:55:34 GMT - Issue PT-389 has been deleted.
Fri, 29 Sep 2023 19:55:34 GMT - Issue PT-392 has been deleted.
Fri, 29 Sep 2023 19:55:34 GMT - Issue PT-396 has been deleted.
Fri, 29 Sep 2023 19:55:34 GMT - Issue PT-391 has been deleted.
Fri, 29 Sep 2023 19:55:34 GMT - Issue PT-412 has been deleted.
Fri, 29 Sep 2023 19:55:34 GMT - Issue PT-399 has been deleted.
Fri, 29 Sep 2023 19:55:34 GMT - Issue PT-388 has been deleted.
Fri, 29 Sep 2023 19:55:34 GMT - Issue PT-405 has been deleted.
Fri, 29 Sep 2023 19:55:34 GMT - Issue PT-414 has been deleted.
Fri, 29 Sep 2023 19:55:34 GMT - Issue PT-401 has been deleted.
Fri, 29 Sep 2023 19:55:34 GMT - Issue PT-385 has been deleted.
Fri, 29 Sep 2023 19:55:34 GMT - Issue PT-380 has been deleted.
Fri, 29 Sep 2023 19:55:34 GMT - Issue PT-390 has been deleted.
Fri, 29 Sep 2023 19:55:34 GMT - Issue PT-387 has been deleted.
Fri, 29 Sep 2023 19:55:34 GMT - Issue PT-400 has been deleted.
Fri, 29 Sep 2023 19:55:34 GMT - Issue PT-410 has been deleted.
Fri, 29 Sep 2023 19:55:34 GMT - Issue PT-413 has been deleted.
Fri, 29 Sep 2023 19:55:34 GMT - Issue PT-382 has been deleted.
Fri, 29 Sep 2023 19:55:34 GMT - Issue PT-393 has been deleted.
Fri, 29 Sep 2023 19:55:34 GMT - Issue PT-375 has been deleted.
Fri, 29 Sep 2023 19:55:34 GMT - Issue PT-377 has been deleted.
Fri, 29 Sep 2023 19:55:34 GMT - Issue PT-384 has been deleted.
Fri, 29 Sep 2023 19:55:34 GMT - Issue PT-379 has been deleted.
Fri, 29 Sep 2023 19:55:34 GMT - Issue PT-378 has been deleted.
Fri, 29 Sep 2023 19:55:34 GMT - Issue PT-409 has been deleted.
Fri, 29 Sep 2023 19:55:34 GMT - Issue PT-383 has been deleted.
Fri, 29 Sep 2023 19:55:34 GMT - Issue PT-370 has been deleted.
Fri, 29 Sep 2023 19:55:34 GMT - Issue PT-373 has been deleted.
Fri, 29 Sep 2023 19:55:34 GMT - Issue PT-372 has been deleted.
Fri, 29 Sep 2023 19:55:34 GMT - Issue TWM-430 has been deleted.
Fri, 29 Sep 2023 19:55:34 GMT - Issue PT-371 has been deleted.
Fri, 29 Sep 2023 19:55:34 GMT - Issue TWM-427 has been deleted.
Fri, 29 Sep 2023 19:55:35 GMT - Issue TWM-428 has been deleted.
Fri, 29 Sep 2023 19:55:35 GMT - Issue TWM-422 has been deleted.
Fri, 29 Sep 2023 19:55:35 GMT - Issue PT-374 has been deleted.
Fri, 29 Sep 2023 19:55:35 GMT - Issue TWM-424 has been deleted.
Fri, 29 Sep 2023 19:55:35 GMT - Issue TWM-426 has been deleted.
Fri, 29 Sep 2023 19:55:35 GMT - Issue TWM-423 has been deleted.
Fri, 29 Sep 2023 19:55:35 GMT - Issue TWM-420 has been deleted.
Fri, 29 Sep 2023 19:55:35 GMT - Issue TWM-412 has been deleted.
Fri, 29 Sep 2023 19:55:35 GMT - Issue TWM-418 has been deleted.
Fri, 29 Sep 2023 19:55:35 GMT - Issue TWM-411 has been deleted.
Fri, 29 Sep 2023 19:55:35 GMT - Issue PT-386 has been deleted.
Fri, 29 Sep 2023 19:55:35 GMT - Issue TWM-406 has been deleted.
Fri, 29 Sep 2023 19:55:35 GMT - Issue TWM-392 has been deleted.
Fri, 29 Sep 2023 19:55:35 GMT - Issue TWM-419 has been deleted.
Fri, 29 Sep 2023 19:55:35 GMT - Issue TWM-390 has been deleted.
Fri, 29 Sep 2023 19:55:35 GMT - Issue TWM-425 has been deleted.
Fri, 29 Sep 2023 19:55:35 GMT - Issue TWM-410 has been deleted.
Fri, 29 Sep 2023 19:55:35 GMT - Issue TWM-429 has been deleted.
Fri, 29 Sep 2023 19:55:35 GMT - Issue TWM-399 has been deleted.
Fri, 29 Sep 2023 19:55:35 GMT - Issue TWM-401 has been deleted.
Fri, 29 Sep 2023 19:55:35 GMT - Issue TWM-413 has been deleted.
Fri, 29 Sep 2023 19:55:35 GMT - Issue TWM-402 has been deleted.
Fri, 29 Sep 2023 19:55:35 GMT - Issue PT-381 has been deleted.
Fri, 29 Sep 2023 19:55:35 GMT - Issue TWM-409 has been deleted.
Fri, 29 Sep 2023 19:55:35 GMT - Issue TWM-385 has been deleted.
Fri, 29 Sep 2023 19:55:35 GMT - Issue TWM-391 has been deleted.
Fri, 29 Sep 2023 19:55:35 GMT - Issue TWM-403 has been deleted.
Fri, 29 Sep 2023 19:55:35 GMT - Issue PT-369 has been deleted.
Fri, 29 Sep 2023 19:55:35 GMT - Issue PT-376 has been deleted.
Fri, 29 Sep 2023 19:55:35 GMT - Issue PT-368 has been deleted.
Fri, 29 Sep 2023 19:55:35 GMT - Issue TWM-393 has been deleted.
Fri, 29 Sep 2023 19:55:35 GMT - Issue TWM-389 has been deleted.
Fri, 29 Sep 2023 19:55:35 GMT - Issue TWM-408 has been deleted.
Fri, 29 Sep 2023 19:55:35 GMT - Issue TWM-416 has been deleted.
Fri, 29 Sep 2023 19:55:35 GMT - Issue TWM-382 has been deleted.
Fri, 29 Sep 2023 19:55:35 GMT - Issue TWM-417 has been deleted.
Fri, 29 Sep 2023 19:55:35 GMT - Issue TWM-421 has been deleted.
Fri, 29 Sep 2023 19:55:35 GMT - Issue TWM-407 has been deleted.
Fri, 29 Sep 2023 19:55:35 GMT - Issue TWM-394 has been deleted.
Fri, 29 Sep 2023 19:55:35 GMT - Issue TWM-396 has been deleted.
Fri, 29 Sep 2023 19:55:35 GMT - Issue TWM-386 has been deleted.
Fri, 29 Sep 2023 19:55:35 GMT - Issue TWM-387 has been deleted.
Fri, 29 Sep 2023 19:55:35 GMT - Issue SSP-646 has been deleted.
Fri, 29 Sep 2023 19:55:35 GMT - Issue SSP-650 has been deleted.
Fri, 29 Sep 2023 19:55:35 GMT - Issue SSP-642 has been deleted.
Fri, 29 Sep 2023 19:55:35 GMT - Issue SSP-644 has been deleted.
Fri, 29 Sep 2023 19:55:35 GMT - Issue TWM-388 has been deleted.
Fri, 29 Sep 2023 19:55:35 GMT - Issue TWM-400 has been deleted.
Fri, 29 Sep 2023 19:55:35 GMT - Issue SSP-640 has been deleted.
Fri, 29 Sep 2023 19:55:35 GMT - Issue SSP-641 has been deleted.
Fri, 29 Sep 2023 19:55:35 GMT - Issue SSP-637 has been deleted.
Fri, 29 Sep 2023 19:55:35 GMT - Issue SSP-638 has been deleted.
Fri, 29 Sep 2023 19:55:35 GMT - All tickets in project TEST have been deleted.

Fri, 29 Sep 2023 19:55:35 GMT - Issue SSP-636 has been deleted.
Fri, 29 Sep 2023 19:55:35 GMT - Issue SSP-647 has been deleted.
Fri, 29 Sep 2023 19:55:35 GMT - Issue SSP-629 has been deleted.
Fri, 29 Sep 2023 19:55:35 GMT - Issue SSP-627 has been deleted.
Fri, 29 Sep 2023 19:55:35 GMT - Issue SSP-643 has been deleted.
Fri, 29 Sep 2023 19:55:35 GMT - Issue SSP-623 has been deleted.
Fri, 29 Sep 2023 19:55:35 GMT - Issue SSP-645 has been deleted.
Fri, 29 Sep 2023 19:55:35 GMT - Issue SSP-634 has been deleted.
Fri, 29 Sep 2023 19:55:35 GMT - Issue SSP-617 has been deleted.
Fri, 29 Sep 2023 19:55:35 GMT - Issue SSP-649 has been deleted.
Fri, 29 Sep 2023 19:55:35 GMT - Issue SSP-632 has been deleted.
Fri, 29 Sep 2023 19:55:35 GMT - Issue SSP-614 has been deleted.
Fri, 29 Sep 2023 19:55:35 GMT - Issue SSP-612 has been deleted.
Fri, 29 Sep 2023 19:55:35 GMT - Issue SSP-608 has been deleted.
Fri, 29 Sep 2023 19:55:35 GMT - Issue SSP-639 has been deleted.
Fri, 29 Sep 2023 19:55:35 GMT - Issue SSP-609 has been deleted.
Fri, 29 Sep 2023 19:55:35 GMT - Issue SSP-615 has been deleted.
Fri, 29 Sep 2023 19:55:35 GMT - Issue SSP-648 has been deleted.
Fri, 29 Sep 2023 19:55:35 GMT - Issue SSP-618 has been deleted.
Fri, 29 Sep 2023 19:55:35 GMT - Issue SSP-635 has been deleted.
Fri, 29 Sep 2023 19:55:35 GMT - Issue SSP-631 has been deleted.
Fri, 29 Sep 2023 19:55:35 GMT - Issue SSP-619 has been deleted.
Fri, 29 Sep 2023 19:55:35 GMT - Issue SSP-628 has been deleted.
Fri, 29 Sep 2023 19:55:35 GMT - Issue SSP-622 has been deleted.
Fri, 29 Sep 2023 19:55:35 GMT - Issue SSP-630 has been deleted.
Fri, 29 Sep 2023 19:55:35 GMT - Issue SSP-621 has been deleted.
Fri, 29 Sep 2023 19:55:35 GMT - Issue SSP-633 has been deleted.
Fri, 29 Sep 2023 19:55:35 GMT - Issue SSP-620 has been deleted.
Fri, 29 Sep 2023 19:55:35 GMT - Issue SSP-626 has been deleted.
Fri, 29 Sep 2023 19:55:35 GMT - Issue SSP-624 has been deleted.
Fri, 29 Sep 2023 19:55:35 GMT - Issue SSP-616 has been deleted.
Fri, 29 Sep 2023 19:55:35 GMT - Issue SSP-611 has been deleted.
Fri, 29 Sep 2023 19:55:35 GMT - Issue SSP-625 has been deleted.
Fri, 29 Sep 2023 19:55:35 GMT - Issue SSP-613 has been deleted.
Fri, 29 Sep 2023 19:55:35 GMT - Issue SSP-610 has been deleted.
Fri, 29 Sep 2023 19:55:36 GMT - All tickets in project SSP have been deleted.

Fri, 29 Sep 2023 19:55:36 GMT - Issue TWM-431 has been deleted.
Fri, 29 Sep 2023 19:55:36 GMT - Issue PT-365 has been deleted.
Fri, 29 Sep 2023 19:55:36 GMT - Issue PT-357 has been deleted.
Fri, 29 Sep 2023 19:55:36 GMT - Issue PT-366 has been deleted.
Fri, 29 Sep 2023 19:55:36 GMT - Issue PT-356 has been deleted.
Fri, 29 Sep 2023 19:55:36 GMT - Issue PT-355 has been deleted.
Fri, 29 Sep 2023 19:55:36 GMT - Issue PT-343 has been deleted.
Fri, 29 Sep 2023 19:55:36 GMT - Issue PT-361 has been deleted.
Fri, 29 Sep 2023 19:55:36 GMT - Issue PT-345 has been deleted.
Fri, 29 Sep 2023 19:55:36 GMT - Issue PT-349 has been deleted.
Fri, 29 Sep 2023 19:55:36 GMT - Issue PT-350 has been deleted.
Fri, 29 Sep 2023 19:55:36 GMT - Issue PT-347 has been deleted.
Fri, 29 Sep 2023 19:55:36 GMT - Issue PT-348 has been deleted.
Fri, 29 Sep 2023 19:55:36 GMT - Issue PT-359 has been deleted.
Fri, 29 Sep 2023 19:55:36 GMT - Issue PT-362 has been deleted.
Fri, 29 Sep 2023 19:55:36 GMT - Issue PT-364 has been deleted.
Fri, 29 Sep 2023 19:55:36 GMT - Issue PT-353 has been deleted.
Fri, 29 Sep 2023 19:55:36 GMT - Issue PT-344 has been deleted.
Fri, 29 Sep 2023 19:55:36 GMT - Issue PT-367 has been deleted.
Fri, 29 Sep 2023 19:55:36 GMT - Issue PT-340 has been deleted.
Fri, 29 Sep 2023 19:55:36 GMT - Issue PT-354 has been deleted.
Fri, 29 Sep 2023 19:55:36 GMT - Issue PT-352 has been deleted.
Fri, 29 Sep 2023 19:55:36 GMT - Issue PT-360 has been deleted.
Fri, 29 Sep 2023 19:55:36 GMT - Issue PT-363 has been deleted.
Fri, 29 Sep 2023 19:55:36 GMT - Issue PT-351 has been deleted.
Fri, 29 Sep 2023 19:55:36 GMT - Issue PT-358 has been deleted.
Fri, 29 Sep 2023 19:55:36 GMT - Issue TWM-405 has been deleted.
Fri, 29 Sep 2023 19:55:36 GMT - Issue PT-346 has been deleted.
Fri, 29 Sep 2023 19:55:36 GMT - Issue PT-341 has been deleted.
Fri, 29 Sep 2023 19:55:36 GMT - Issue PT-342 has been deleted.
Fri, 29 Sep 2023 19:55:36 GMT - Issue TWM-415 has been deleted.
Fri, 29 Sep 2023 19:55:36 GMT - Issue PT-339 has been deleted.
Fri, 29 Sep 2023 19:55:36 GMT - Issue TWM-414 has been deleted.
Fri, 29 Sep 2023 19:55:36 GMT - Issue TWM-398 has been deleted.
Fri, 29 Sep 2023 19:55:36 GMT - Issue TWM-395 has been deleted.
Fri, 29 Sep 2023 19:55:36 GMT - Issue TWM-383 has been deleted.
Fri, 29 Sep 2023 19:55:36 GMT - Issue TWM-404 has been deleted.
Fri, 29 Sep 2023 19:55:37 GMT - Issue TWM-397 has been deleted.
Fri, 29 Sep 2023 19:55:37 GMT - Issue TWM-384 has been deleted.
Fri, 29 Sep 2023 19:55:37 GMT - All tickets in project PT have been deleted.

Fri, 29 Sep 2023 19:55:37 GMT - Issue SKP-353 has been deleted.
Fri, 29 Sep 2023 19:55:38 GMT - Issue TWM-380 has been deleted.
Fri, 29 Sep 2023 19:55:38 GMT - Issue TWM-381 has been deleted.
Fri, 29 Sep 2023 19:55:38 GMT - Issue TWM-370 has been deleted.
Fri, 29 Sep 2023 19:55:38 GMT - Issue TWM-376 has been deleted.
Fri, 29 Sep 2023 19:55:38 GMT - Issue TWM-372 has been deleted.
Fri, 29 Sep 2023 19:55:38 GMT - Issue TWM-361 has been deleted.
Fri, 29 Sep 2023 19:55:38 GMT - Issue TWM-371 has been deleted.
Fri, 29 Sep 2023 19:55:38 GMT - Issue TWM-363 has been deleted.
Fri, 29 Sep 2023 19:55:38 GMT - Issue TWM-366 has been deleted.
Fri, 29 Sep 2023 19:55:38 GMT - Issue TWM-357 has been deleted.
Fri, 29 Sep 2023 19:55:38 GMT - Issue TWM-354 has been deleted.
Fri, 29 Sep 2023 19:55:38 GMT - Issue TWM-356 has been deleted.
Fri, 29 Sep 2023 19:55:38 GMT - Issue TWM-352 has been deleted.
Fri, 29 Sep 2023 19:55:38 GMT - Issue TWM-359 has been deleted.
Fri, 29 Sep 2023 19:55:38 GMT - Issue TWM-375 has been deleted.
Fri, 29 Sep 2023 19:55:38 GMT - Issue TWM-360 has been deleted.
Fri, 29 Sep 2023 19:55:38 GMT - Issue TWM-367 has been deleted.
Fri, 29 Sep 2023 19:55:38 GMT - Issue TWM-355 has been deleted.
Fri, 29 Sep 2023 19:55:38 GMT - Issue TWM-358 has been deleted.
Fri, 29 Sep 2023 19:55:38 GMT - Issue TWM-379 has been deleted.
Fri, 29 Sep 2023 19:55:38 GMT - Issue TWM-369 has been deleted.
Fri, 29 Sep 2023 19:55:38 GMT - Issue SKP-363 has been deleted.
Fri, 29 Sep 2023 19:55:38 GMT - Issue TWM-362 has been deleted.
Fri, 29 Sep 2023 19:55:38 GMT - Issue TWM-368 has been deleted.
Fri, 29 Sep 2023 19:55:38 GMT - Issue TWM-365 has been deleted.
Fri, 29 Sep 2023 19:55:38 GMT - Issue TWM-374 has been deleted.
Fri, 29 Sep 2023 19:55:38 GMT - Issue TWM-353 has been deleted.
Fri, 29 Sep 2023 19:55:38 GMT - Issue TWM-373 has been deleted.
Fri, 29 Sep 2023 19:55:38 GMT - Issue TWM-378 has been deleted.
Fri, 29 Sep 2023 19:55:38 GMT - Issue TWM-377 has been deleted.
Fri, 29 Sep 2023 19:55:38 GMT - Issue TWM-364 has been deleted.
Fri, 29 Sep 2023 19:55:38 GMT - All tickets in project TWM have been deleted.

Fri, 29 Sep 2023 19:55:41 GMT - Issue SKP-361 has been deleted.
Fri, 29 Sep 2023 19:55:54 GMT - Issue SKP-356 has been deleted.
Fri, 29 Sep 2023 19:55:55 GMT - Issue SKP-347 has been deleted.
Fri, 29 Sep 2023 19:55:55 GMT - Issue SKP-344 has been deleted.
Fri, 29 Sep 2023 19:55:55 GMT - Issue SKP-351 has been deleted.
Fri, 29 Sep 2023 19:55:55 GMT - Issue SKP-349 has been deleted.
Fri, 29 Sep 2023 19:55:55 GMT - Issue SKP-352 has been deleted.
Fri, 29 Sep 2023 19:55:55 GMT - Issue SKP-343 has been deleted.
Fri, 29 Sep 2023 19:55:55 GMT - Issue SKP-346 has been deleted.
Fri, 29 Sep 2023 19:55:55 GMT - Issue SKP-350 has been deleted.
Fri, 29 Sep 2023 19:55:55 GMT - Issue SKP-345 has been deleted.
Fri, 29 Sep 2023 19:55:55 GMT - Issue SKP-348 has been deleted.
Fri, 29 Sep 2023 19:55:55 GMT - All tickets in project SKP have been deleted.

Fri, 29 Sep 2023 19:55:55 GMT - ✅ All the issues have been deleted. Please check the debug.log file for any errors that might have occurred.

